<?xml version="1.0" encoding="UTF-8"?>
<!-- Generated by org.testng.reporters.JUnitXMLReporter -->
<testsuite ignored="0" hostname="Venom" failures="0" tests="16" name="LoginTests" time="157.354" errors="0" timestamp="2025-06-07T20:35:14 IST">
  <testcase classname="Orange_HRM.oHRM.tests.LoginTests" name="testVerifyUIElements" time="0.061"/>
  <testcase classname="Orange_HRM.oHRM.tests.LoginTests" name="testEmptyUsername" time="3.068"/>
  <testcase classname="Orange_HRM.oHRM.tests.LoginTests" name="testEmptyUsernameAndPassword" time="0.75"/>
  <testcase classname="Orange_HRM.oHRM.tests.LoginTests" name="testEmptyPassword" time="0.265"/>
  <testcase classname="Orange_HRM.oHRM.tests.LoginTests" name="testInvalidUsername" time="1.511"/>
  <testcase classname="Orange_HRM.oHRM.tests.LoginTests" name="testInvalidPassword" time="1.734"/>
  <testcase classname="Orange_HRM.oHRM.tests.LoginTests" name="testInvalidUsernameAndPassword" time="1.959"/>
  <testcase classname="Orange_HRM.oHRM.tests.LoginTests" name="testCaseSensitiveLogin" time="4.005"/>
  <testcase classname="Orange_HRM.oHRM.tests.LoginTests" name="testLogoutAndCopyUrlValidation" time="12.996"/>
  <testcase classname="Orange_HRM.oHRM.tests.LoginTests" name="testForgotPasswordLinkFlow" time="9.24"/>
  <testcase classname="Orange_HRM.oHRM.tests.LoginTests" name="testValidLogin" time="7.188"/>
  <testcase classname="Orange_HRM.oHRM.tests.LoginTests" name="testPIMNavigation" time="0.171"/>
  <testcase classname="Orange_HRM.oHRM.tests.LoginTests" name="testAddEmployeeNavigation" time="4.447"/>
  <testcase classname="Orange_HRM.oHRM.tests.LoginTests" name="testAddEmployeeDetails" time="52.797"/>
  <testcase classname="Orange_HRM.oHRM.tests.LoginTests" name="testPreviewEmployeeDetails" time="51.823"/>
  <testcase classname="Orange_HRM.oHRM.tests.LoginTests" name="testfinalLogout" time="5.233"/>
</testsuite> <!-- LoginTests -->
