<?xml version="1.0" encoding="UTF-8"?>
<!-- Generated by org.testng.reporters.JUnitXMLReporter -->
<testsuite ignored="15" hostname="Venom" failures="0" tests="1" name="Default test" time="4.548" errors="0" timestamp="2025-06-06T18:11:09 IST">
  <testcase classname="Orange_HRM.oHRM.tests.LoginTests" name="testEmptyUsrname" time="4.509"/>
  <testcase classname="Orange_HRM.oHRM.tests.LoginTests" name="invalidUsrnameLogin" time="0.0">
    <ignored/>
  </testcase> <!-- invalidUsrnameLogin -->
  <testcase classname="Orange_HRM.oHRM.tests.LoginTests" name="testPreviewEmployeeDetails" time="0.0">
    <ignored/>
  </testcase> <!-- testPreviewEmployeeDetails -->
  <testcase classname="Orange_HRM.oHRM.tests.LoginTests" name="testEmptyUsernameAndPassword" time="0.0">
    <ignored/>
  </testcase> <!-- testEmptyUsernameAndPassword -->
  <testcase classname="Orange_HRM.oHRM.tests.LoginTests" name="LogoutcopyNvalidateLogin" time="0.0">
    <ignored/>
  </testcase> <!-- LogoutcopyNvalidateLogin -->
  <testcase classname="Orange_HRM.oHRM.tests.LoginTests" name="testpwd" time="0.0">
    <ignored/>
  </testcase> <!-- testpwd -->
  <testcase classname="Orange_HRM.oHRM.tests.LoginTests" name="forgotlink" time="0.0">
    <ignored/>
  </testcase> <!-- forgotlink -->
  <testcase classname="Orange_HRM.oHRM.tests.LoginTests" name="invalidLogin" time="0.0">
    <ignored/>
  </testcase> <!-- invalidLogin -->
  <testcase classname="Orange_HRM.oHRM.tests.LoginTests" name="pimNavigation" time="0.0">
    <ignored/>
  </testcase> <!-- pimNavigation -->
  <testcase classname="Orange_HRM.oHRM.tests.LoginTests" name="testAddEmployeeNavigation" time="0.0">
    <ignored/>
  </testcase> <!-- testAddEmployeeNavigation -->
  <testcase classname="Orange_HRM.oHRM.tests.LoginTests" name="testfinalLogout" time="0.0">
    <ignored/>
  </testcase> <!-- testfinalLogout -->
  <testcase classname="Orange_HRM.oHRM.tests.LoginTests" name="testAddEmployeeDetails" time="0.0">
    <ignored/>
  </testcase> <!-- testAddEmployeeDetails -->
  <testcase classname="Orange_HRM.oHRM.tests.LoginTests" name="casesensitiveLogin" time="0.0">
    <ignored/>
  </testcase> <!-- casesensitiveLogin -->
  <testcase classname="Orange_HRM.oHRM.tests.LoginTests" name="testVerifyUIElements" time="0.0">
    <ignored/>
  </testcase> <!-- testVerifyUIElements -->
  <testcase classname="Orange_HRM.oHRM.tests.LoginTests" name="invalidPwdLogin" time="0.0">
    <ignored/>
  </testcase> <!-- invalidPwdLogin -->
  <testcase classname="Orange_HRM.oHRM.tests.LoginTests" name="validCredLogin" time="0.0">
    <ignored/>
  </testcase> <!-- validCredLogin -->
</testsuite> <!-- Default test -->
